[2022-07-25 08:20:19] at /main/index.jsp
{DataSource.jndi} jdbc/malgn (jdbc/malgn)
[2022-07-25 08:20:19] at /main/index.jsp
{DB.getConnection} null (null)
[2022-07-25 08:20:21] at /course/course_0list.jsp
{DataSource.jndi} jdbc/malgn (jdbc/malgn)
[2022-07-25 08:20:21] at /course/course_0list.jsp
{DB.getConnection} null (null)
[2022-07-25 08:20:21] at /course/course_0list.jsp
{DataSource.jndi} jdbc/malgn (jdbc/malgn)
[2022-07-25 08:20:21] at /course/course_0list.jsp
{DB.getConnection} null (null)
[2022-07-25 08:20:21] at /course/course_0list.jsp
{DataSource.jndi} jdbc/malgn (jdbc/malgn)
[2022-07-25 08:20:21] at /course/course_0list.jsp
{DB.getConnection} null (null)
[2022-07-25 08:20:28] at /main/index.jsp
{DataSource.jndi} jdbc/malgn (jdbc/malgn)
[2022-07-25 08:20:28] at /main/index.jsp
{DB.getConnection} null (null)
[2022-07-25 08:20:30] at /course/course_0list.jsp
{DataSource.jndi} jdbc/malgn (jdbc/malgn)
[2022-07-25 08:20:30] at /course/course_0list.jsp
{DB.getConnection} null (null)
[2022-07-25 08:20:30] at /course/course_0list.jsp
{DataSource.jndi} jdbc/malgn (jdbc/malgn)
[2022-07-25 08:20:30] at /course/course_0list.jsp
{DB.getConnection} null (null)
[2022-07-25 08:20:30] at /course/course_0list.jsp
{DataSource.jndi} jdbc/malgn (jdbc/malgn)
[2022-07-25 08:20:30] at /course/course_0list.jsp
{DB.getConnection} null (null)
[2022-07-25 08:20:31] at /main/index.jsp
{DataSource.jndi} jdbc/malgn (jdbc/malgn)
[2022-07-25 08:20:31] at /main/index.jsp
{DB.getConnection} null (null)
[2022-07-25 13:24:56] {Form.saveFile} attached file is denied : [9]마라톤메달.jsp
[2022-07-25 13:26:26] {Form.saveFile} attached file is denied : [9]마라톤메달.jsp
[2022-07-25 13:36:35] {Form.saveFile} attached file is denied : [9]마라톤메달.jsp
